2023-09-29 13:27:08,131 [main] INFO  org.mule.module.launcher.application.DefaultMuleApplication - 
++++++++++++++++++++++++++++++++++++++++++++++++++++++++++++
+ Initializing app 'ejercicio3'                            +
++++++++++++++++++++++++++++++++++++++++++++++++++++++++++++
2023-09-29 13:27:08,888 [main] INFO  org.mule.lifecycle.AbstractLifecycleManager - Initialising RegistryBroker
2023-09-29 13:27:09,056 [main] INFO  org.mule.module.extension.internal.manager.DefaultExtensionManager - Starting discovery of extensions
2023-09-29 13:27:09,222 [main] INFO  org.mule.module.extension.internal.manager.DefaultExtensionManager - Discovered 1 extensions
2023-09-29 13:27:09,222 [main] INFO  org.mule.module.extension.internal.manager.DefaultExtensionManager - Registering extension validation (version 3.9)
2023-09-29 13:27:09,328 [main] INFO  org.mule.config.spring.MuleArtifactContext - Refreshing org.mule.config.spring.MuleArtifactContext@2ecdf528: startup date [Fri Sep 29 13:27:09 CEST 2023]; root of context hierarchy
2023-09-29 13:27:12,454 [main] INFO  org.mule.config.spring.processors.NoDevkitInjectorProcessor - JSR-330 'javax.inject.Inject' annotation found and supported for autowiring
2023-09-29 13:27:14,066 [main] WARN  org.mule.config.spring.MuleArtifactContext - Exception encountered during context initialization - cancelling refresh attempt: org.springframework.beans.factory.BeanCreationException: Error creating bean with name 'ejercicio3FlowJAVA': Cannot create inner bean '(inner bean)#2bda7a5b' of type [transformaciones.XML2JSON] while setting bean property 'messageProcessors' with key [1]; nested exception is org.springframework.beans.factory.BeanCreationException: Error creating bean with name '(inner bean)#2bda7a5b': Instantiation of bean failed; nested exception is org.springframework.beans.BeanInstantiationException: Failed to instantiate [transformaciones.XML2JSON]: Constructor threw exception; nested exception is java.lang.Error: Unresolved compilation problem: 
	The declared package "transformadores" does not match the expected package "transformaciones"

2023-09-29 13:27:14,137 [main] INFO  org.mule.lifecycle.AbstractLifecycleManager - Disposing RegistryBroker
2023-09-29 13:27:14,137 [main] ERROR org.mule.config.spring.SpringRegistry - Failed to shut down registry cleanly: org.mule.Registry.Spring
org.mule.api.lifecycle.LifecycleException: Failed to lookup beans of type interface org.mule.api.construct.FlowConstruct from the Spring registry
	at org.mule.lifecycle.AbstractLifecycleManager.invokePhase(AbstractLifecycleManager.java:164) ~[mule-core-3.9.5-20220920.jar:3.9.5-20220920]
	at org.mule.lifecycle.RegistryLifecycleManager.fireLifecycle(RegistryLifecycleManager.java:134) ~[mule-core-3.9.5-20220920.jar:3.9.5-20220920]
	at org.mule.registry.AbstractRegistry.dispose(AbstractRegistry.java:68) ~[mule-core-3.9.5-20220920.jar:3.9.5-20220920]
	at org.mule.registry.AbstractRegistryBroker$2.onTransition(AbstractRegistryBroker.java:69) ~[mule-core-3.9.5-20220920.jar:3.9.5-20220920]
	at org.mule.registry.AbstractRegistryBroker$2.onTransition(AbstractRegistryBroker.java:64) ~[mule-core-3.9.5-20220920.jar:3.9.5-20220920]
	at org.mule.lifecycle.AbstractLifecycleManager.invokePhase(AbstractLifecycleManager.java:146) ~[mule-core-3.9.5-20220920.jar:3.9.5-20220920]
	at org.mule.lifecycle.RegistryBrokerLifecycleManager.fireDisposePhase(RegistryBrokerLifecycleManager.java:82) ~[mule-core-3.9.5-20220920.jar:3.9.5-20220920]
	at org.mule.registry.AbstractRegistryBroker.dispose(AbstractRegistryBroker.java:63) ~[mule-core-3.9.5-20220920.jar:3.9.5-20220920]
	at org.mule.registry.MuleRegistryHelper.fireLifecycle(MuleRegistryHelper.java:140) ~[mule-core-3.9.5-20220920.jar:3.9.5-20220920]
	at org.mule.lifecycle.MuleContextLifecycleManager$MuleContextLifecycleCallback.onTransition(MuleContextLifecycleManager.java:74) ~[mule-core-3.9.5-20220920.jar:3.9.5-20220920]
	at org.mule.lifecycle.MuleContextLifecycleManager$MuleContextLifecycleCallback.onTransition(MuleContextLifecycleManager.java:70) ~[mule-core-3.9.5-20220920.jar:3.9.5-20220920]
	at org.mule.lifecycle.AbstractLifecycleManager.invokePhase(AbstractLifecycleManager.java:146) ~[mule-core-3.9.5-20220920.jar:3.9.5-20220920]
	at org.mule.lifecycle.MuleContextLifecycleManager.fireLifecycle(MuleContextLifecycleManager.java:62) ~[mule-core-3.9.5-20220920.jar:3.9.5-20220920]
	at org.mule.DefaultMuleContext.dispose(DefaultMuleContext.java:456) ~[mule-core-3.9.5-20220920.jar:3.9.5-20220920]
	at org.mule.context.DefaultMuleContextFactory.doCreateMuleContext(DefaultMuleContextFactory.java:230) ~[mule-core-3.9.5-20220920.jar:3.9.5-20220920]
	at org.mule.context.DefaultMuleContextFactory.createMuleContext(DefaultMuleContextFactory.java:81) ~[mule-core-3.9.5-20220920.jar:3.9.5-20220920]
	at org.mule.module.launcher.application.DefaultMuleApplication.init(DefaultMuleApplication.java:215) ~[mule-module-launcher-3.9.5-20220920.jar:3.9.5-20220920]
	at org.mule.module.launcher.artifact.ArtifactWrapper$2.execute(ArtifactWrapper.java:64) ~[mule-module-launcher-3.9.5-20220920.jar:3.9.5-20220920]
	at org.mule.module.launcher.artifact.ArtifactWrapper.executeWithinArtifactClassLoader(ArtifactWrapper.java:138) ~[mule-module-launcher-3.9.5-20220920.jar:3.9.5-20220920]
	at org.mule.module.launcher.artifact.ArtifactWrapper.init(ArtifactWrapper.java:59) ~[mule-module-launcher-3.9.5-20220920.jar:3.9.5-20220920]
	at org.mule.module.launcher.DefaultArtifactDeployer.deploy(DefaultArtifactDeployer.java:92) ~[mule-module-launcher-3.9.5-20220920.jar:3.9.5-20220920]
	at org.mule.module.launcher.DefaultArchiveDeployer.deployArtifact(DefaultArchiveDeployer.java:578) ~[mule-module-launcher-3.9.5-20220920.jar:3.9.5-20220920]
	at org.mule.module.launcher.DefaultArchiveDeployer.deployArtifact(DefaultArchiveDeployer.java:356) ~[mule-module-launcher-3.9.5-20220920.jar:3.9.5-20220920]
	at org.mule.module.launcher.DefaultArchiveDeployer.deployPackagedArtifact(DefaultArchiveDeployer.java:203) ~[mule-module-launcher-3.9.5-20220920.jar:3.9.5-20220920]
	at org.mule.module.launcher.DefaultArchiveDeployer.deployPackagedArtifact(DefaultArchiveDeployer.java:300) ~[mule-module-launcher-3.9.5-20220920.jar:3.9.5-20220920]
	at org.mule.module.launcher.DefaultArchiveDeployer.deployPackagedArtifact(DefaultArchiveDeployer.java:87) ~[mule-module-launcher-3.9.5-20220920.jar:3.9.5-20220920]
	at org.mule.module.launcher.DefaultArchiveDeployer.deployPackagedArtifact(DefaultArchiveDeployer.java:618) ~[mule-module-launcher-3.9.5-20220920.jar:3.9.5-20220920]
	at org.mule.module.launcher.DeploymentDirectoryWatcher.deployPackedApps(DeploymentDirectoryWatcher.java:302) ~[mule-module-launcher-3.9.5-20220920.jar:3.9.5-20220920]
	at org.mule.module.launcher.DeploymentDirectoryWatcher.start(DeploymentDirectoryWatcher.java:156) ~[mule-module-launcher-3.9.5-20220920.jar:3.9.5-20220920]
	at org.mule.module.launcher.MuleDeploymentService.start(MuleDeploymentService.java:137) ~[mule-module-launcher-3.9.5-20220920.jar:3.9.5-20220920]
	at org.mule.module.launcher.MuleContainer.start(MuleContainer.java:172) ~[mule-module-launcher-3.9.5-20220920.jar:3.9.5-20220920]
	at org.mule.tooling.server.application.ApplicationDeployer.main(ApplicationDeployer.java:15) ~[tooling-support-3.9.5.jar:?]
Caused by: org.mule.api.MuleRuntimeException: Failed to lookup beans of type interface org.mule.api.construct.FlowConstruct from the Spring registry
	at org.mule.config.spring.SpringRegistry.internalLookupByTypeWithoutAncestors(SpringRegistry.java:364) ~[mule-module-spring-config-3.9.5-20220920.jar:3.9.5-20220920]
	at org.mule.config.spring.SpringRegistry.lookupEntriesForLifecycle(SpringRegistry.java:378) ~[mule-module-spring-config-3.9.5-20220920.jar:3.9.5-20220920]
	at org.mule.config.spring.SpringRegistry.lookupObjectsForLifecycle(SpringRegistry.java:251) ~[mule-module-spring-config-3.9.5-20220920.jar:3.9.5-20220920]
	at org.mule.lifecycle.RegistryLifecycleCallback.lookupObjectsForLifecycle(RegistryLifecycleCallback.java:155) ~[mule-core-3.9.5-20220920.jar:3.9.5-20220920]
	at org.mule.lifecycle.RegistryLifecycleCallback.onTransition(RegistryLifecycleCallback.java:77) ~[mule-core-3.9.5-20220920.jar:3.9.5-20220920]
	at org.mule.lifecycle.AbstractLifecycleManager.invokePhase(AbstractLifecycleManager.java:146) ~[mule-core-3.9.5-20220920.jar:3.9.5-20220920]
	... 31 more
Caused by: org.springframework.beans.factory.BeanCreationException: Error creating bean with name 'ejercicio3DefaultFlow': Cannot resolve reference to bean '_muleContext' while setting constructor argument; nested exception is org.springframework.beans.factory.NoSuchBeanDefinitionException: No bean named '_muleContext' available
	at org.springframework.beans.factory.support.BeanDefinitionValueResolver.resolveReference(BeanDefinitionValueResolver.java:359) ~[spring-beans-4.3.29.RELEASE.jar:4.3.29.RELEASE]
	at org.springframework.beans.factory.support.BeanDefinitionValueResolver.resolveValueIfNecessary(BeanDefinitionValueResolver.java:108) ~[spring-beans-4.3.29.RELEASE.jar:4.3.29.RELEASE]
	at org.springframework.beans.factory.support.ConstructorResolver.resolvePreparedArguments(ConstructorResolver.java:788) ~[spring-beans-4.3.29.RELEASE.jar:4.3.29.RELEASE]
	at org.springframework.beans.factory.support.ConstructorResolver.autowireConstructor(ConstructorResolver.java:128) ~[spring-beans-4.3.29.RELEASE.jar:4.3.29.RELEASE]
	at org.springframework.beans.factory.support.AbstractAutowireCapableBeanFactory.autowireConstructor(AbstractAutowireCapableBeanFactory.java:1196) ~[spring-beans-4.3.29.RELEASE.jar:4.3.29.RELEASE]
	at org.springframework.beans.factory.support.AbstractAutowireCapableBeanFactory.createBeanInstance(AbstractAutowireCapableBeanFactory.java:1087) ~[spring-beans-4.3.29.RELEASE.jar:4.3.29.RELEASE]
	at org.springframework.beans.factory.support.AbstractAutowireCapableBeanFactory.doCreateBean(AbstractAutowireCapableBeanFactory.java:511) ~[spring-beans-4.3.29.RELEASE.jar:4.3.29.RELEASE]
	at org.springframework.beans.factory.support.AbstractAutowireCapableBeanFactory.createBean(AbstractAutowireCapableBeanFactory.java:481) ~[spring-beans-4.3.29.RELEASE.jar:4.3.29.RELEASE]
	at org.springframework.beans.factory.support.AbstractBeanFactory$1.getObject(AbstractBeanFactory.java:312) ~[spring-beans-4.3.29.RELEASE.jar:4.3.29.RELEASE]
	at org.springframework.beans.factory.support.DefaultSingletonBeanRegistry.getSingleton(DefaultSingletonBeanRegistry.java:230) ~[spring-beans-4.3.29.RELEASE.jar:4.3.29.RELEASE]
	at org.springframework.beans.factory.support.AbstractBeanFactory.doGetBean(AbstractBeanFactory.java:308) ~[spring-beans-4.3.29.RELEASE.jar:4.3.29.RELEASE]
	at org.springframework.beans.factory.support.AbstractBeanFactory.getBean(AbstractBeanFactory.java:202) ~[spring-beans-4.3.29.RELEASE.jar:4.3.29.RELEASE]
	at org.springframework.beans.factory.support.DefaultListableBeanFactory.getBeansOfType(DefaultListableBeanFactory.java:519) ~[spring-beans-4.3.29.RELEASE.jar:4.3.29.RELEASE]
	at org.springframework.context.support.AbstractApplicationContext.getBeansOfType(AbstractApplicationContext.java:1198) ~[spring-context-4.3.29.RELEASE.jar:4.3.29.RELEASE]
	at org.mule.config.spring.SpringRegistry.internalLookupByTypeWithoutAncestors(SpringRegistry.java:358) ~[mule-module-spring-config-3.9.5-20220920.jar:3.9.5-20220920]
	at org.mule.config.spring.SpringRegistry.lookupEntriesForLifecycle(SpringRegistry.java:378) ~[mule-module-spring-config-3.9.5-20220920.jar:3.9.5-20220920]
	at org.mule.config.spring.SpringRegistry.lookupObjectsForLifecycle(SpringRegistry.java:251) ~[mule-module-spring-config-3.9.5-20220920.jar:3.9.5-20220920]
	at org.mule.lifecycle.RegistryLifecycleCallback.lookupObjectsForLifecycle(RegistryLifecycleCallback.java:155) ~[mule-core-3.9.5-20220920.jar:3.9.5-20220920]
	at org.mule.lifecycle.RegistryLifecycleCallback.onTransition(RegistryLifecycleCallback.java:77) ~[mule-core-3.9.5-20220920.jar:3.9.5-20220920]
	at org.mule.lifecycle.AbstractLifecycleManager.invokePhase(AbstractLifecycleManager.java:146) ~[mule-core-3.9.5-20220920.jar:3.9.5-20220920]
	... 31 more
Caused by: org.springframework.beans.factory.NoSuchBeanDefinitionException: No bean named '_muleContext' available
	at org.springframework.beans.factory.support.DefaultListableBeanFactory.getBeanDefinition(DefaultListableBeanFactory.java:682) ~[spring-beans-4.3.29.RELEASE.jar:4.3.29.RELEASE]
	at org.springframework.beans.factory.support.AbstractBeanFactory.getMergedLocalBeanDefinition(AbstractBeanFactory.java:1218) ~[spring-beans-4.3.29.RELEASE.jar:4.3.29.RELEASE]
	at org.springframework.beans.factory.support.AbstractBeanFactory.doGetBean(AbstractBeanFactory.java:284) ~[spring-beans-4.3.29.RELEASE.jar:4.3.29.RELEASE]
	at org.springframework.beans.factory.support.AbstractBeanFactory.getBean(AbstractBeanFactory.java:197) ~[spring-beans-4.3.29.RELEASE.jar:4.3.29.RELEASE]
	at org.springframework.beans.factory.support.BeanDefinitionValueResolver.resolveReference(BeanDefinitionValueResolver.java:351) ~[spring-beans-4.3.29.RELEASE.jar:4.3.29.RELEASE]
	at org.springframework.beans.factory.support.BeanDefinitionValueResolver.resolveValueIfNecessary(BeanDefinitionValueResolver.java:108) ~[spring-beans-4.3.29.RELEASE.jar:4.3.29.RELEASE]
	at org.springframework.beans.factory.support.ConstructorResolver.resolvePreparedArguments(ConstructorResolver.java:788) ~[spring-beans-4.3.29.RELEASE.jar:4.3.29.RELEASE]
	at org.springframework.beans.factory.support.ConstructorResolver.autowireConstructor(ConstructorResolver.java:128) ~[spring-beans-4.3.29.RELEASE.jar:4.3.29.RELEASE]
	at org.springframework.beans.factory.support.AbstractAutowireCapableBeanFactory.autowireConstructor(AbstractAutowireCapableBeanFactory.java:1196) ~[spring-beans-4.3.29.RELEASE.jar:4.3.29.RELEASE]
	at org.springframework.beans.factory.support.AbstractAutowireCapableBeanFactory.createBeanInstance(AbstractAutowireCapableBeanFactory.java:1087) ~[spring-beans-4.3.29.RELEASE.jar:4.3.29.RELEASE]
	at org.springframework.beans.factory.support.AbstractAutowireCapableBeanFactory.doCreateBean(AbstractAutowireCapableBeanFactory.java:511) ~[spring-beans-4.3.29.RELEASE.jar:4.3.29.RELEASE]
	at org.springframework.beans.factory.support.AbstractAutowireCapableBeanFactory.createBean(AbstractAutowireCapableBeanFactory.java:481) ~[spring-beans-4.3.29.RELEASE.jar:4.3.29.RELEASE]
	at org.springframework.beans.factory.support.AbstractBeanFactory$1.getObject(AbstractBeanFactory.java:312) ~[spring-beans-4.3.29.RELEASE.jar:4.3.29.RELEASE]
	at org.springframework.beans.factory.support.DefaultSingletonBeanRegistry.getSingleton(DefaultSingletonBeanRegistry.java:230) ~[spring-beans-4.3.29.RELEASE.jar:4.3.29.RELEASE]
	at org.springframework.beans.factory.support.AbstractBeanFactory.doGetBean(AbstractBeanFactory.java:308) ~[spring-beans-4.3.29.RELEASE.jar:4.3.29.RELEASE]
	at org.springframework.beans.factory.support.AbstractBeanFactory.getBean(AbstractBeanFactory.java:202) ~[spring-beans-4.3.29.RELEASE.jar:4.3.29.RELEASE]
	at org.springframework.beans.factory.support.DefaultListableBeanFactory.getBeansOfType(DefaultListableBeanFactory.java:519) ~[spring-beans-4.3.29.RELEASE.jar:4.3.29.RELEASE]
	at org.springframework.context.support.AbstractApplicationContext.getBeansOfType(AbstractApplicationContext.java:1198) ~[spring-context-4.3.29.RELEASE.jar:4.3.29.RELEASE]
	at org.mule.config.spring.SpringRegistry.internalLookupByTypeWithoutAncestors(SpringRegistry.java:358) ~[mule-module-spring-config-3.9.5-20220920.jar:3.9.5-20220920]
	at org.mule.config.spring.SpringRegistry.lookupEntriesForLifecycle(SpringRegistry.java:378) ~[mule-module-spring-config-3.9.5-20220920.jar:3.9.5-20220920]
	at org.mule.config.spring.SpringRegistry.lookupObjectsForLifecycle(SpringRegistry.java:251) ~[mule-module-spring-config-3.9.5-20220920.jar:3.9.5-20220920]
	at org.mule.lifecycle.RegistryLifecycleCallback.lookupObjectsForLifecycle(RegistryLifecycleCallback.java:155) ~[mule-core-3.9.5-20220920.jar:3.9.5-20220920]
	at org.mule.lifecycle.RegistryLifecycleCallback.onTransition(RegistryLifecycleCallback.java:77) ~[mule-core-3.9.5-20220920.jar:3.9.5-20220920]
	at org.mule.lifecycle.AbstractLifecycleManager.invokePhase(AbstractLifecycleManager.java:146) ~[mule-core-3.9.5-20220920.jar:3.9.5-20220920]
	... 31 more
2023-09-29 13:27:14,146 [main] ERROR org.mule.module.launcher.application.DefaultMuleApplication - null
java.lang.Error: Unresolved compilation problem: 
	The declared package "transformadores" does not match the expected package "transformaciones"

	at transformaciones.XML2JSON.<init>(XML2JSON.java:1) ~[classes/:?]
	at sun.reflect.NativeConstructorAccessorImpl.newInstance0(Native Method) ~[?:1.8.0_382]
	at sun.reflect.NativeConstructorAccessorImpl.newInstance(NativeConstructorAccessorImpl.java:62) ~[?:1.8.0_382]
	at sun.reflect.DelegatingConstructorAccessorImpl.newInstance(DelegatingConstructorAccessorImpl.java:45) ~[?:1.8.0_382]
	at java.lang.reflect.Constructor.newInstance(Constructor.java:423) ~[?:1.8.0_382]
	at org.springframework.beans.BeanUtils.instantiateClass(BeanUtils.java:145) ~[spring-beans-4.3.29.RELEASE.jar:4.3.29.RELEASE]
	at org.springframework.beans.factory.support.SimpleInstantiationStrategy.instantiate(SimpleInstantiationStrategy.java:89) ~[spring-beans-4.3.29.RELEASE.jar:4.3.29.RELEASE]
	at org.mule.config.spring.util.LaxInstantiationStrategyWrapper.instantiate(LaxInstantiationStrategyWrapper.java:49) ~[mule-module-spring-config-3.9.5-20220920.jar:3.9.5-20220920]
	at org.springframework.beans.factory.support.AbstractAutowireCapableBeanFactory.instantiateBean(AbstractAutowireCapableBeanFactory.java:1150) ~[spring-beans-4.3.29.RELEASE.jar:4.3.29.RELEASE]
	at org.springframework.beans.factory.support.AbstractAutowireCapableBeanFactory.createBeanInstance(AbstractAutowireCapableBeanFactory.java:1102) ~[spring-beans-4.3.29.RELEASE.jar:4.3.29.RELEASE]
	at org.springframework.beans.factory.support.AbstractAutowireCapableBeanFactory.doCreateBean(AbstractAutowireCapableBeanFactory.java:511) ~[spring-beans-4.3.29.RELEASE.jar:4.3.29.RELEASE]
	at org.springframework.beans.factory.support.AbstractAutowireCapableBeanFactory.createBean(AbstractAutowireCapableBeanFactory.java:481) ~[spring-beans-4.3.29.RELEASE.jar:4.3.29.RELEASE]
	at org.springframework.beans.factory.support.BeanDefinitionValueResolver.resolveInnerBean(BeanDefinitionValueResolver.java:299) ~[spring-beans-4.3.29.RELEASE.jar:4.3.29.RELEASE]
	at org.springframework.beans.factory.support.BeanDefinitionValueResolver.resolveValueIfNecessary(BeanDefinitionValueResolver.java:129) ~[spring-beans-4.3.29.RELEASE.jar:4.3.29.RELEASE]
	at org.springframework.beans.factory.support.BeanDefinitionValueResolver.resolveManagedList(BeanDefinitionValueResolver.java:382) ~[spring-beans-4.3.29.RELEASE.jar:4.3.29.RELEASE]
	at org.springframework.beans.factory.support.BeanDefinitionValueResolver.resolveValueIfNecessary(BeanDefinitionValueResolver.java:157) ~[spring-beans-4.3.29.RELEASE.jar:4.3.29.RELEASE]
	at org.springframework.beans.factory.support.AbstractAutowireCapableBeanFactory.applyPropertyValues(AbstractAutowireCapableBeanFactory.java:1522) ~[spring-beans-4.3.29.RELEASE.jar:4.3.29.RELEASE]
	at org.springframework.beans.factory.support.AbstractAutowireCapableBeanFactory.populateBean(AbstractAutowireCapableBeanFactory.java:1269) ~[spring-beans-4.3.29.RELEASE.jar:4.3.29.RELEASE]
	at org.springframework.beans.factory.support.AbstractAutowireCapableBeanFactory.doCreateBean(AbstractAutowireCapableBeanFactory.java:551) ~[spring-beans-4.3.29.RELEASE.jar:4.3.29.RELEASE]
	at org.springframework.beans.factory.support.AbstractAutowireCapableBeanFactory.createBean(AbstractAutowireCapableBeanFactory.java:481) ~[spring-beans-4.3.29.RELEASE.jar:4.3.29.RELEASE]
	at org.springframework.beans.factory.support.AbstractBeanFactory$1.getObject(AbstractBeanFactory.java:312) ~[spring-beans-4.3.29.RELEASE.jar:4.3.29.RELEASE]
	at org.springframework.beans.factory.support.DefaultSingletonBeanRegistry.getSingleton(DefaultSingletonBeanRegistry.java:230) ~[spring-beans-4.3.29.RELEASE.jar:4.3.29.RELEASE]
	at org.springframework.beans.factory.support.AbstractBeanFactory.doGetBean(AbstractBeanFactory.java:308) ~[spring-beans-4.3.29.RELEASE.jar:4.3.29.RELEASE]
	at org.springframework.beans.factory.support.AbstractBeanFactory.getBean(AbstractBeanFactory.java:197) ~[spring-beans-4.3.29.RELEASE.jar:4.3.29.RELEASE]
	at org.springframework.beans.factory.support.DefaultListableBeanFactory.preInstantiateSingletons(DefaultListableBeanFactory.java:756) ~[spring-beans-4.3.29.RELEASE.jar:4.3.29.RELEASE]
	at org.springframework.context.support.AbstractApplicationContext.finishBeanFactoryInitialization(AbstractApplicationContext.java:867) ~[spring-context-4.3.29.RELEASE.jar:4.3.29.RELEASE]
	at org.springframework.context.support.AbstractApplicationContext.refresh(AbstractApplicationContext.java:542) ~[spring-context-4.3.29.RELEASE.jar:4.3.29.RELEASE]
	at org.mule.config.spring.SpringRegistry.doInitialise(SpringRegistry.java:108) ~[mule-module-spring-config-3.9.5-20220920.jar:3.9.5-20220920]
	at org.mule.registry.AbstractRegistry.initialise(AbstractRegistry.java:104) ~[mule-core-3.9.5-20220920.jar:3.9.5-20220920]
	at org.mule.config.spring.SpringXmlConfigurationBuilder.createSpringRegistry(SpringXmlConfigurationBuilder.java:177) ~[mule-module-spring-config-3.9.5-20220920.jar:3.9.5-20220920]
	at org.mule.config.spring.SpringXmlConfigurationBuilder.doConfigure(SpringXmlConfigurationBuilder.java:100) ~[mule-module-spring-config-3.9.5-20220920.jar:3.9.5-20220920]
	at org.mule.config.builders.AbstractConfigurationBuilder.configure(AbstractConfigurationBuilder.java:43) ~[mule-core-3.9.5-20220920.jar:3.9.5-20220920]
	at org.mule.config.builders.AbstractResourceConfigurationBuilder.configure(AbstractResourceConfigurationBuilder.java:69) ~[mule-core-3.9.5-20220920.jar:3.9.5-20220920]
	at org.mule.config.builders.AutoConfigurationBuilder.autoConfigure(AutoConfigurationBuilder.java:102) ~[mule-core-3.9.5-20220920.jar:3.9.5-20220920]
	at org.mule.config.builders.AutoConfigurationBuilder.doConfigure(AutoConfigurationBuilder.java:54) ~[mule-core-3.9.5-20220920.jar:3.9.5-20220920]
	at org.mule.config.builders.AbstractConfigurationBuilder.configure(AbstractConfigurationBuilder.java:43) ~[mule-core-3.9.5-20220920.jar:3.9.5-20220920]
	at org.mule.config.builders.AbstractResourceConfigurationBuilder.configure(AbstractResourceConfigurationBuilder.java:69) ~[mule-core-3.9.5-20220920.jar:3.9.5-20220920]
	at org.mule.context.DefaultMuleContextFactory$1.configure(DefaultMuleContextFactory.java:89) ~[mule-core-3.9.5-20220920.jar:3.9.5-20220920]
	at org.mule.context.DefaultMuleContextFactory.doCreateMuleContext(DefaultMuleContextFactory.java:222) ~[mule-core-3.9.5-20220920.jar:3.9.5-20220920]
	at org.mule.context.DefaultMuleContextFactory.createMuleContext(DefaultMuleContextFactory.java:81) ~[mule-core-3.9.5-20220920.jar:3.9.5-20220920]
	at org.mule.module.launcher.application.DefaultMuleApplication.init(DefaultMuleApplication.java:215) ~[mule-module-launcher-3.9.5-20220920.jar:3.9.5-20220920]
	at org.mule.module.launcher.artifact.ArtifactWrapper$2.execute(ArtifactWrapper.java:64) ~[mule-module-launcher-3.9.5-20220920.jar:3.9.5-20220920]
	at org.mule.module.launcher.artifact.ArtifactWrapper.executeWithinArtifactClassLoader(ArtifactWrapper.java:138) ~[mule-module-launcher-3.9.5-20220920.jar:3.9.5-20220920]
	at org.mule.module.launcher.artifact.ArtifactWrapper.init(ArtifactWrapper.java:59) ~[mule-module-launcher-3.9.5-20220920.jar:3.9.5-20220920]
	at org.mule.module.launcher.DefaultArtifactDeployer.deploy(DefaultArtifactDeployer.java:92) ~[mule-module-launcher-3.9.5-20220920.jar:3.9.5-20220920]
	at org.mule.module.launcher.DefaultArchiveDeployer.deployArtifact(DefaultArchiveDeployer.java:578) ~[mule-module-launcher-3.9.5-20220920.jar:3.9.5-20220920]
	at org.mule.module.launcher.DefaultArchiveDeployer.deployArtifact(DefaultArchiveDeployer.java:356) ~[mule-module-launcher-3.9.5-20220920.jar:3.9.5-20220920]
	at org.mule.module.launcher.DefaultArchiveDeployer.deployPackagedArtifact(DefaultArchiveDeployer.java:203) ~[mule-module-launcher-3.9.5-20220920.jar:3.9.5-20220920]
	at org.mule.module.launcher.DefaultArchiveDeployer.deployPackagedArtifact(DefaultArchiveDeployer.java:300) ~[mule-module-launcher-3.9.5-20220920.jar:3.9.5-20220920]
	at org.mule.module.launcher.DefaultArchiveDeployer.deployPackagedArtifact(DefaultArchiveDeployer.java:87) ~[mule-module-launcher-3.9.5-20220920.jar:3.9.5-20220920]
	at org.mule.module.launcher.DefaultArchiveDeployer.deployPackagedArtifact(DefaultArchiveDeployer.java:618) ~[mule-module-launcher-3.9.5-20220920.jar:3.9.5-20220920]
	at org.mule.module.launcher.DeploymentDirectoryWatcher.deployPackedApps(DeploymentDirectoryWatcher.java:302) ~[mule-module-launcher-3.9.5-20220920.jar:3.9.5-20220920]
	at org.mule.module.launcher.DeploymentDirectoryWatcher.start(DeploymentDirectoryWatcher.java:156) ~[mule-module-launcher-3.9.5-20220920.jar:3.9.5-20220920]
	at org.mule.module.launcher.MuleDeploymentService.start(MuleDeploymentService.java:137) ~[mule-module-launcher-3.9.5-20220920.jar:3.9.5-20220920]
	at org.mule.module.launcher.MuleContainer.start(MuleContainer.java:172) ~[mule-module-launcher-3.9.5-20220920.jar:3.9.5-20220920]
	at org.mule.tooling.server.application.ApplicationDeployer.main(ApplicationDeployer.java:15) ~[tooling-support-3.9.5.jar:?]
2023-09-29 13:27:14,154 [main] INFO  org.mule.module.launcher.application.DefaultMuleApplication - App 'ejercicio3' never started, nothing to dispose of
